<?xml version="1.0" encoding="UTF-8"?>
<!-- Generated by org.testng.reporters.JUnitReportReporter -->
<testsuite hostname="DESKTOP-8GE107Q" failures="0" tests="2" name="com.appium.testcases.LoginToExpertRepublicApp" time="72.988" errors="0" timestamp="2022-03-11T05:34:02 IST" skipped="1">
  <testcase classname="com.appium.testcases.LoginToExpertRepublicApp" name="LoginToApp" time="72.988"/>
  <system-out/>
  <testcase classname="com.appium.testcases.LoginToExpertRepublicApp" name="LogOutFromApp">
    <skipped/>
  </testcase> <!-- LogOutFromApp -->
  <system-out/>
</testsuite> <!-- com.appium.testcases.LoginToExpertRepublicApp -->
