<?xml version="1.0" encoding="UTF-8"?>
<!-- Generated by org.testng.reporters.JUnitReportReporter -->
<testsuite hostname="DESKTOP-79AJ2TP" failures="0" tests="1" name="tests.TestCalculator" time="0.010" errors="0" timestamp="2021-12-30T08:18:08 IST" skipped="0">
  <testcase classname="tests.TestCalculator" name="additionOfTwoNumbers" time="0.010"/>
  <system-out/>
</testsuite> <!-- tests.TestCalculator -->
