<?xml version="1.0" encoding="UTF-8"?>
<!-- Generated by org.testng.reporters.JUnitReportReporter -->
<testsuite hostname="DESKTOP-79AJ2TP" failures="0" tests="1" name="tests.BaseClass" time="0.011" errors="0" timestamp="2021-12-30T01:00:07 IST" skipped="0">
  <testcase classname="tests.BaseClass" name="samoetest" time="0.011"/>
  <system-out/>
</testsuite> <!-- tests.BaseClass -->
