<?xml version="1.0" encoding="UTF-8"?>
<!-- Generated by org.testng.reporters.JUnitReportReporter -->
<testsuite hostname="DESKTOP-8GE107Q" failures="0" tests="2" name="com.appium.testcases.LoginToExpertRepublicApp" time="63.070" errors="0" timestamp="2022-03-09T10:45:20 IST" skipped="1">
  <testcase classname="com.appium.testcases.LoginToExpertRepublicApp" name="LoginToApp" time="63.070"/>
  <system-out/>
  <testcase classname="com.appium.testcases.LoginToExpertRepublicApp" name="LogOutFromApp">
    <skipped/>
  </testcase> <!-- LogOutFromApp -->
  <system-out/>
</testsuite> <!-- com.appium.testcases.LoginToExpertRepublicApp -->
