<?xml version="1.0" encoding="UTF-8"?>
<!-- Generated by org.testng.reporters.JUnitReportReporter -->
<testsuite hostname="DESKTOP-8GE107Q" failures="0" tests="1" name="com.appium.testcases.DarazApp" time="20.965" errors="0" timestamp="2022-03-04T06:53:37 IST" skipped="0">
  <testcase classname="com.appium.testcases.DarazApp" name="DarazsearchProduct" time="20.965"/>
  <system-out/>
</testsuite> <!-- com.appium.testcases.DarazApp -->
