<?xml version="1.0" encoding="UTF-8"?>
<!-- Generated by org.testng.reporters.JUnitReportReporter -->
<testsuite hostname="DESKTOP-79AJ2TP" failures="0" tests="1" name="tests.DarazApp" time="14.437" errors="0" timestamp="2022-01-13T12:57:47 IST" skipped="0">
  <testcase classname="tests.DarazApp" name="DarazsearchProduct" time="14.437"/>
  <system-out/>
</testsuite> <!-- tests.DarazApp -->
