<?xml version="1.0" encoding="UTF-8"?>
<!-- Generated by org.testng.reporters.JUnitReportReporter -->
<testsuite hostname="DESKTOP-8GE107Q" failures="0" tests="2" name="com.appium.testcases.LoginToExpertRepublicApp" time="80.663" errors="0" timestamp="2022-03-08T10:57:48 IST" skipped="0">
  <testcase classname="com.appium.testcases.LoginToExpertRepublicApp" name="LoginToApp" time="43.566"/>
  <system-out/>
  <testcase classname="com.appium.testcases.LoginToExpertRepublicApp" name="LogOutFromApp" time="37.097"/>
  <system-out/>
</testsuite> <!-- com.appium.testcases.LoginToExpertRepublicApp -->
