<?xml version="1.0" encoding="UTF-8"?>
<!-- Generated by org.testng.reporters.JUnitReportReporter -->
<testsuite hostname="DESKTOP-8GE107Q" failures="0" tests="2" name="com.appium.testcases.LoginToExpertRepublicApp" time="83.728" errors="0" timestamp="2022-03-08T11:55:15 IST" skipped="0">
  <testcase classname="com.appium.testcases.LoginToExpertRepublicApp" name="LoginToApp" time="44.101"/>
  <system-out/>
  <testcase classname="com.appium.testcases.LoginToExpertRepublicApp" name="LogOutFromApp" time="39.627"/>
  <system-out/>
</testsuite> <!-- com.appium.testcases.LoginToExpertRepublicApp -->
